[debug] [2024-03-22T14:56:29.552Z] ----------------------------------------------------------------------
[debug] [2024-03-22T14:56:29.553Z] Command:       /usr/local/bin/node /usr/local/bin/firebase init database
[debug] [2024-03-22T14:56:29.553Z] CLI Version:   12.4.6
[debug] [2024-03-22T14:56:29.553Z] Platform:      darwin
[debug] [2024-03-22T14:56:29.553Z] Node Version:  v18.17.0
[debug] [2024-03-22T14:56:29.557Z] Time:          Fri Mar 22 2024 16:56:29 GMT+0200 (Eastern European Standard Time)
[debug] [2024-03-22T14:56:29.557Z] ----------------------------------------------------------------------
[debug] 
[debug] [2024-03-22T14:56:29.560Z] > command requires scopes: ["email","openid","https://www.googleapis.com/auth/cloudplatformprojects.readonly","https://www.googleapis.com/auth/firebase","https://www.googleapis.com/auth/cloud-platform"]
[debug] [2024-03-22T14:56:29.560Z] > authorizing via signed-in user (kamr4014@gmail.com)
[info] 
     ######## #### ########  ######## ########     ###     ######  ########
     ##        ##  ##     ## ##       ##     ##  ##   ##  ##       ##
     ######    ##  ########  ######   ########  #########  ######  ######
     ##        ##  ##    ##  ##       ##     ## ##     ##       ## ##
     ##       #### ##     ## ######## ########  ##     ##  ######  ########

You're about to initialize a Firebase project in this directory:

  /Users/amrkhaledmarey/Desktop/Web Course/task22/chat

[info] 
=== Project Setup
[info] 
[info] First, let's associate this project directory with a Firebase project.
[info] You can create multiple project aliases by running firebase use --add, 
[info] but for now we'll just set up a default project.
[info] 
[debug] [2024-03-22T14:56:30.795Z] > refreshing access token with scopes: []
[debug] [2024-03-22T14:56:30.797Z] >>> [apiv2][query] POST https://www.googleapis.com/oauth2/v3/token [none]
[debug] [2024-03-22T14:56:30.797Z] >>> [apiv2][body] POST https://www.googleapis.com/oauth2/v3/token [omitted]
[debug] [2024-03-22T14:56:31.084Z] <<< [apiv2][status] POST https://www.googleapis.com/oauth2/v3/token 400
[debug] [2024-03-22T14:56:31.084Z] <<< [apiv2][body] POST https://www.googleapis.com/oauth2/v3/token [omitted]
[debug] [2024-03-22T14:56:31.086Z] >>> [apiv2][query] GET https://firebase.googleapis.com/v1beta1/projects pageSize=100
[debug] [2024-03-22T14:56:31.287Z] <<< [apiv2][status] GET https://firebase.googleapis.com/v1beta1/projects 401
[debug] [2024-03-22T14:56:31.287Z] <<< [apiv2][body] GET https://firebase.googleapis.com/v1beta1/projects [omitted]
[debug] [2024-03-22T14:56:31.288Z] HTTP Error: 401, Request had invalid authentication credentials. Expected OAuth 2 access token, login cookie or other valid authentication credential. See https://developers.google.com/identity/sign-in/web/devconsole-project.
[debug] [2024-03-22T14:56:31.505Z] FirebaseError: HTTP Error: 401, Request had invalid authentication credentials. Expected OAuth 2 access token, login cookie or other valid authentication credential. See https://developers.google.com/identity/sign-in/web/devconsole-project.
    at responseToError (/usr/local/lib/node_modules/firebase-tools/lib/responseToError.js:49:12)
    at RetryOperation._fn (/usr/local/lib/node_modules/firebase-tools/lib/apiv2.js:285:77)
    at process.processTicksAndRejections (node:internal/process/task_queues:95:5)
[error] 
[error] Error: Failed to list Firebase projects. See firebase-debug.log for more info.
[debug] [2024-03-22T14:56:58.980Z] ----------------------------------------------------------------------
[debug] [2024-03-22T14:56:58.981Z] Command:       /usr/local/bin/node /usr/local/bin/firebase projects:list
[debug] [2024-03-22T14:56:58.981Z] CLI Version:   12.4.6
[debug] [2024-03-22T14:56:58.982Z] Platform:      darwin
[debug] [2024-03-22T14:56:58.982Z] Node Version:  v18.17.0
[debug] [2024-03-22T14:56:58.986Z] Time:          Fri Mar 22 2024 16:56:58 GMT+0200 (Eastern European Standard Time)
[debug] [2024-03-22T14:56:58.986Z] ----------------------------------------------------------------------
[debug] 
[debug] [2024-03-22T14:56:58.988Z] > command requires scopes: ["email","openid","https://www.googleapis.com/auth/cloudplatformprojects.readonly","https://www.googleapis.com/auth/firebase","https://www.googleapis.com/auth/cloud-platform"]
[debug] [2024-03-22T14:56:58.988Z] > authorizing via signed-in user (kamr4014@gmail.com)
[debug] [2024-03-22T14:56:58.990Z] > refreshing access token with scopes: []
[debug] [2024-03-22T14:56:58.991Z] >>> [apiv2][query] POST https://www.googleapis.com/oauth2/v3/token [none]
[debug] [2024-03-22T14:56:58.991Z] >>> [apiv2][body] POST https://www.googleapis.com/oauth2/v3/token [omitted]
[debug] [2024-03-22T14:56:59.260Z] <<< [apiv2][status] POST https://www.googleapis.com/oauth2/v3/token 400
[debug] [2024-03-22T14:56:59.261Z] <<< [apiv2][body] POST https://www.googleapis.com/oauth2/v3/token [omitted]
[debug] [2024-03-22T14:56:59.262Z] >>> [apiv2][query] GET https://firebase.googleapis.com/v1beta1/projects pageSize=1000
[debug] [2024-03-22T14:56:59.483Z] <<< [apiv2][status] GET https://firebase.googleapis.com/v1beta1/projects 401
[debug] [2024-03-22T14:56:59.484Z] <<< [apiv2][body] GET https://firebase.googleapis.com/v1beta1/projects [omitted]
[debug] [2024-03-22T14:56:59.485Z] HTTP Error: 401, Request had invalid authentication credentials. Expected OAuth 2 access token, login cookie or other valid authentication credential. See https://developers.google.com/identity/sign-in/web/devconsole-project.
[debug] [2024-03-22T14:56:59.692Z] FirebaseError: HTTP Error: 401, Request had invalid authentication credentials. Expected OAuth 2 access token, login cookie or other valid authentication credential. See https://developers.google.com/identity/sign-in/web/devconsole-project.
    at responseToError (/usr/local/lib/node_modules/firebase-tools/lib/responseToError.js:49:12)
    at RetryOperation._fn (/usr/local/lib/node_modules/firebase-tools/lib/apiv2.js:285:77)
    at process.processTicksAndRejections (node:internal/process/task_queues:95:5)
[error] 
[error] Error: Failed to list Firebase projects. See firebase-debug.log for more info.
